2017-05-05 01:59:25.452+0000 WARN  [o.n.i.p.PageCache] The dbms.memory.pagecache.size setting has not been configured. It is recommended that this setting is always explicitly configured, to ensure the system has a balanced configuration. Until then, a computed heuristic value of 6681001984 bytes will be used instead. 
2017-05-05 01:59:25.560+0000 INFO  [o.n.k.i.f.CommunityEditionModule] No locking implementation specified, defaulting to 'community'
2017-05-05 01:59:25.566+0000 INFO  [o.n.k.AvailabilityGuard] Requirement makes database unavailable: Database available
2017-05-05 01:59:25.567+0000 INFO  [o.n.k.i.DiagnosticsManager] --- INITIALIZED diagnostics START ---
2017-05-05 01:59:25.567+0000 INFO  [o.n.k.i.DiagnosticsManager] Neo4j Kernel properties:
2017-05-05 01:59:25.567+0000 INFO  [o.n.k.i.DiagnosticsManager] dbms.connector.http.enabled=true
2017-05-05 01:59:25.567+0000 INFO  [o.n.k.i.DiagnosticsManager] dbms.security.auth_enabled=false
2017-05-05 01:59:25.567+0000 INFO  [o.n.k.i.DiagnosticsManager] dbms.logs.http.enabled=false
2017-05-05 01:59:25.567+0000 INFO  [o.n.k.i.DiagnosticsManager] unsupported.dbms.directories.neo4j_home=/Users/bonythomas/Library/Mobile Documents/com~apple~CloudDocs/Maria/Spring '17/BDM/neodbs/weather
2017-05-05 01:59:25.567+0000 INFO  [o.n.k.i.DiagnosticsManager] unsupported.dbms.edition=community
2017-05-05 01:59:25.567+0000 INFO  [o.n.k.i.DiagnosticsManager] dbms.connector.bolt.enabled=true
2017-05-05 01:59:25.567+0000 INFO  [o.n.k.i.DiagnosticsManager] dbms.connector.https.enabled=true
2017-05-05 01:59:25.567+0000 INFO  [o.n.k.i.DiagnosticsManager] unsupported.dbms.directories.database=/Users/bonythomas/Library/Mobile Documents/com~apple~CloudDocs/Maria/Spring '17/BDM/neodbs/weather
2017-05-05 01:59:25.567+0000 INFO  [o.n.k.i.DiagnosticsManager] Diagnostics providers:
2017-05-05 01:59:25.567+0000 INFO  [o.n.k.i.DiagnosticsManager] org.neo4j.kernel.configuration.Config
2017-05-05 01:59:25.567+0000 INFO  [o.n.k.i.DiagnosticsManager] org.neo4j.kernel.info.DiagnosticsManager
2017-05-05 01:59:25.567+0000 INFO  [o.n.k.i.DiagnosticsManager] SYSTEM_MEMORY
2017-05-05 01:59:25.567+0000 INFO  [o.n.k.i.DiagnosticsManager] JAVA_MEMORY
2017-05-05 01:59:25.567+0000 INFO  [o.n.k.i.DiagnosticsManager] OPERATING_SYSTEM
2017-05-05 01:59:25.567+0000 INFO  [o.n.k.i.DiagnosticsManager] JAVA_VIRTUAL_MACHINE
2017-05-05 01:59:25.567+0000 INFO  [o.n.k.i.DiagnosticsManager] CLASSPATH
2017-05-05 01:59:25.567+0000 INFO  [o.n.k.i.DiagnosticsManager] LIBRARY_PATH
2017-05-05 01:59:25.567+0000 INFO  [o.n.k.i.DiagnosticsManager] SYSTEM_PROPERTIES
2017-05-05 01:59:25.567+0000 INFO  [o.n.k.i.DiagnosticsManager] NETWORK
2017-05-05 01:59:25.567+0000 INFO  [o.n.k.i.DiagnosticsManager] System memory information:
2017-05-05 01:59:25.567+0000 INFO  [o.n.k.i.DiagnosticsManager] Total Physical memory: 16.00 GB
2017-05-05 01:59:25.567+0000 INFO  [o.n.k.i.DiagnosticsManager] Free Physical memory: 4.94 GB
2017-05-05 01:59:25.567+0000 INFO  [o.n.k.i.DiagnosticsManager] Committed virtual memory: 9.02 GB
2017-05-05 01:59:25.567+0000 INFO  [o.n.k.i.DiagnosticsManager] Total swap space: 3.00 GB
2017-05-05 01:59:25.568+0000 INFO  [o.n.k.i.DiagnosticsManager] Free swap space: 1.66 GB
2017-05-05 01:59:25.568+0000 INFO  [o.n.k.i.DiagnosticsManager] JVM memory information:
2017-05-05 01:59:25.568+0000 INFO  [o.n.k.i.DiagnosticsManager] Free  memory: 199.70 MB
2017-05-05 01:59:25.568+0000 INFO  [o.n.k.i.DiagnosticsManager] Total memory: 571.50 MB
2017-05-05 01:59:25.568+0000 INFO  [o.n.k.i.DiagnosticsManager] Max   memory: 3.56 GB
2017-05-05 01:59:25.568+0000 INFO  [o.n.k.i.DiagnosticsManager] Garbage Collector: PS Scavenge: [PS Eden Space, PS Survivor Space]
2017-05-05 01:59:25.568+0000 INFO  [o.n.k.i.DiagnosticsManager] Garbage Collector: PS MarkSweep: [PS Eden Space, PS Survivor Space, PS Old Gen]
2017-05-05 01:59:25.568+0000 INFO  [o.n.k.i.DiagnosticsManager] Memory Pool: Code Cache (Non-heap memory): committed=15.88 MB, used=15.78 MB, max=240.00 MB, threshold=0.00 B
2017-05-05 01:59:25.568+0000 INFO  [o.n.k.i.DiagnosticsManager] Memory Pool: Metaspace (Non-heap memory): committed=71.02 MB, used=69.54 MB, max=-1.00 B, threshold=0.00 B
2017-05-05 01:59:25.568+0000 INFO  [o.n.k.i.DiagnosticsManager] Memory Pool: Compressed Class Space (Non-heap memory): committed=11.29 MB, used=10.95 MB, max=1.00 GB, threshold=0.00 B
2017-05-05 01:59:25.568+0000 INFO  [o.n.k.i.DiagnosticsManager] Memory Pool: PS Eden Space (Heap memory): committed=305.00 MB, used=299.73 MB, max=1.24 GB, threshold=?
2017-05-05 01:59:25.568+0000 INFO  [o.n.k.i.DiagnosticsManager] Memory Pool: PS Survivor Space (Heap memory): committed=46.00 MB, used=2.05 MB, max=46.00 MB, threshold=?
2017-05-05 01:59:25.569+0000 INFO  [o.n.k.i.DiagnosticsManager] Memory Pool: PS Old Gen (Heap memory): committed=220.50 MB, used=70.01 MB, max=2.67 GB, threshold=0.00 B
2017-05-05 01:59:25.569+0000 INFO  [o.n.k.i.DiagnosticsManager] Operating system information:
2017-05-05 01:59:25.569+0000 INFO  [o.n.k.i.DiagnosticsManager] Operating System: Mac OS X; version: 10.12.4; arch: x86_64; cpus: 4
2017-05-05 01:59:25.569+0000 INFO  [o.n.k.i.DiagnosticsManager] Max number of file descriptors: 10240
2017-05-05 01:59:25.569+0000 INFO  [o.n.k.i.DiagnosticsManager] Number of open file descriptors: 45
2017-05-05 01:59:30.576+0000 INFO  [o.n.k.i.DiagnosticsManager] Process id: 8409@Bonys-MacBook-Pro.local
2017-05-05 01:59:30.576+0000 INFO  [o.n.k.i.DiagnosticsManager] Byte order: LITTLE_ENDIAN
2017-05-05 01:59:30.576+0000 INFO  [o.n.k.i.DiagnosticsManager] Local timezone: America/Chicago
2017-05-05 01:59:30.576+0000 INFO  [o.n.k.i.DiagnosticsManager] JVM information:
2017-05-05 01:59:30.576+0000 INFO  [o.n.k.i.DiagnosticsManager] VM Name: Java HotSpot(TM) 64-Bit Server VM
2017-05-05 01:59:30.576+0000 INFO  [o.n.k.i.DiagnosticsManager] VM Vendor: Oracle Corporation
2017-05-05 01:59:30.576+0000 INFO  [o.n.k.i.DiagnosticsManager] VM Version: 25.60-b23
2017-05-05 01:59:30.576+0000 INFO  [o.n.k.i.DiagnosticsManager] JIT compiler: HotSpot 64-Bit Tiered Compilers
2017-05-05 01:59:30.576+0000 INFO  [o.n.k.i.DiagnosticsManager] VM Arguments: [-Dfile.encoding=UTF-8, -Dinstall4j.launcherId=24, -Dinstall4j.swt=false, -Dexe4j.moduleName=/Applications/Neo4j Community Edition 3.1.3 2.app, -Di4j.ownBundlePath=/Applications/Neo4j Community Edition 3.1.3 2.app, -Di4j.jreBundle=/Applications/Neo4j Community Edition 3.1.3 2.app/Contents/Resources/jre.bundle]
2017-05-05 01:59:30.576+0000 INFO  [o.n.k.i.DiagnosticsManager] Java classpath:
2017-05-05 01:59:30.579+0000 INFO  [o.n.k.i.DiagnosticsManager]  [loader.1] file:/Applications/Neo4j%20Community%20Edition%203.1.3%202.app/Contents/Resources/jre.bundle/Contents/Home/jre/lib/ext/dnsns.jar
2017-05-05 01:59:30.579+0000 INFO  [o.n.k.i.DiagnosticsManager]  [bootstrap] /Applications/Neo4j Community Edition 3.1.3 2.app/Contents/Resources/jre.bundle/Contents/Home/jre/classes
2017-05-05 01:59:30.579+0000 INFO  [o.n.k.i.DiagnosticsManager]  [bootstrap] /Applications/Neo4j Community Edition 3.1.3 2.app/Contents/Resources/jre.bundle/Contents/Home/jre/lib/charsets.jar
2017-05-05 01:59:30.579+0000 INFO  [o.n.k.i.DiagnosticsManager]  [classpath] /Applications/Neo4j Community Edition 3.1.3 2.app/Contents/Resources/app/bin/neo4j-desktop-3.1.3.jar
2017-05-05 01:59:30.579+0000 INFO  [o.n.k.i.DiagnosticsManager]  [loader.0] file:/Applications/Neo4j%20Community%20Edition%203.1.3%202.app/Contents/Resources/app/bin/neo4j-desktop-3.1.3.jar
2017-05-05 01:59:30.579+0000 INFO  [o.n.k.i.DiagnosticsManager]  [loader.1] file:/Applications/Neo4j%20Community%20Edition%203.1.3%202.app/Contents/Resources/jre.bundle/Contents/Home/jre/lib/ext/cldrdata.jar
2017-05-05 01:59:30.579+0000 INFO  [o.n.k.i.DiagnosticsManager]  [loader.1] file:/Applications/Neo4j%20Community%20Edition%203.1.3%202.app/Contents/Resources/jre.bundle/Contents/Home/jre/lib/ext/jfxrt.jar
2017-05-05 01:59:30.579+0000 INFO  [o.n.k.i.DiagnosticsManager]  [loader.1] file:/Applications/Neo4j%20Community%20Edition%203.1.3%202.app/Contents/Resources/jre.bundle/Contents/Home/jre/lib/ext/localedata.jar
2017-05-05 01:59:30.579+0000 INFO  [o.n.k.i.DiagnosticsManager]  [loader.1] file:/Applications/Neo4j%20Community%20Edition%203.1.3%202.app/Contents/Resources/jre.bundle/Contents/Home/jre/lib/ext/sunpkcs11.jar
2017-05-05 01:59:30.579+0000 INFO  [o.n.k.i.DiagnosticsManager]  [loader.1] file:/Applications/Neo4j%20Community%20Edition%203.1.3%202.app/Contents/Resources/jre.bundle/Contents/Home/jre/lib/ext/zipfs.jar
2017-05-05 01:59:30.579+0000 INFO  [o.n.k.i.DiagnosticsManager]  [loader.1] file:/Applications/Neo4j%20Community%20Edition%203.1.3%202.app/Contents/Resources/jre.bundle/Contents/Home/jre/lib/ext/nashorn.jar
2017-05-05 01:59:30.579+0000 INFO  [o.n.k.i.DiagnosticsManager]  [bootstrap] /Applications/Neo4j Community Edition 3.1.3 2.app/Contents/Resources/jre.bundle/Contents/Home/jre/lib/sunrsasign.jar
2017-05-05 01:59:30.579+0000 INFO  [o.n.k.i.DiagnosticsManager]  [bootstrap] /Applications/Neo4j Community Edition 3.1.3 2.app/Contents/Resources/jre.bundle/Contents/Home/jre/lib/rt.jar
2017-05-05 01:59:30.579+0000 INFO  [o.n.k.i.DiagnosticsManager]  [classpath] /Applications/Neo4j Community Edition 3.1.3 2.app/Contents/Resources/app/.install4j/i4jruntime.jar
2017-05-05 01:59:30.579+0000 INFO  [o.n.k.i.DiagnosticsManager]  [loader.1] file:/Applications/Neo4j%20Community%20Edition%203.1.3%202.app/Contents/Resources/jre.bundle/Contents/Home/jre/lib/ext/sunjce_provider.jar
2017-05-05 01:59:30.579+0000 INFO  [o.n.k.i.DiagnosticsManager]  [bootstrap] /Applications/Neo4j Community Edition 3.1.3 2.app/Contents/Resources/jre.bundle/Contents/Home/jre/lib/jfr.jar
2017-05-05 01:59:30.579+0000 INFO  [o.n.k.i.DiagnosticsManager]  [bootstrap] /Applications/Neo4j Community Edition 3.1.3 2.app/Contents/Resources/jre.bundle/Contents/Home/jre/lib/resources.jar
2017-05-05 01:59:30.579+0000 INFO  [o.n.k.i.DiagnosticsManager]  [loader.1] file:/Applications/Neo4j%20Community%20Edition%203.1.3%202.app/Contents/Resources/jre.bundle/Contents/Home/jre/lib/ext/sunec.jar
2017-05-05 01:59:30.579+0000 INFO  [o.n.k.i.DiagnosticsManager]  [loader.1] file:/System/Library/Java/Extensions/MRJToolkit.jar
2017-05-05 01:59:30.579+0000 INFO  [o.n.k.i.DiagnosticsManager]  [bootstrap] /Applications/Neo4j Community Edition 3.1.3 2.app/Contents/Resources/jre.bundle/Contents/Home/jre/lib/jsse.jar
2017-05-05 01:59:30.579+0000 INFO  [o.n.k.i.DiagnosticsManager]  [bootstrap] /Applications/Neo4j Community Edition 3.1.3 2.app/Contents/Resources/jre.bundle/Contents/Home/jre/lib/jce.jar
2017-05-05 01:59:30.579+0000 INFO  [o.n.k.i.DiagnosticsManager]  [loader.1] file:/Applications/Neo4j%20Community%20Edition%203.1.3%202.app/Contents/Resources/jre.bundle/Contents/Home/jre/lib/ext/jaccess.jar
2017-05-05 01:59:30.579+0000 INFO  [o.n.k.i.DiagnosticsManager]  [loader.0] file:/Applications/Neo4j%20Community%20Edition%203.1.3%202.app/Contents/Resources/app/.install4j/i4jruntime.jar
2017-05-05 01:59:30.580+0000 INFO  [o.n.k.i.DiagnosticsManager] Library path:
2017-05-05 01:59:30.580+0000 INFO  [o.n.k.i.DiagnosticsManager] /Users/bonythomas/Library/Java/Extensions
2017-05-05 01:59:30.580+0000 INFO  [o.n.k.i.DiagnosticsManager] /Library/Java/Extensions
2017-05-05 01:59:30.580+0000 INFO  [o.n.k.i.DiagnosticsManager] /Network/Library/Java/Extensions
2017-05-05 01:59:30.580+0000 INFO  [o.n.k.i.DiagnosticsManager] /System/Library/Java/Extensions
2017-05-05 01:59:30.580+0000 INFO  [o.n.k.i.DiagnosticsManager] /usr/lib/java
2017-05-05 01:59:30.580+0000 INFO  [o.n.k.i.DiagnosticsManager] /Applications/Neo4j Community Edition 3.1.3 2.app/Contents/Resources/app/bin
2017-05-05 01:59:30.580+0000 INFO  [o.n.k.i.DiagnosticsManager] System.properties:
2017-05-05 01:59:30.580+0000 INFO  [o.n.k.i.DiagnosticsManager] exe4j.moduleName = /Applications/Neo4j Community Edition 3.1.3 2.app
2017-05-05 01:59:30.580+0000 INFO  [o.n.k.i.DiagnosticsManager] sun.boot.library.path = /Applications/Neo4j Community Edition 3.1.3 2.app/Contents/Resources/jre.bundle/Contents/Home/jre/lib
2017-05-05 01:59:30.580+0000 INFO  [o.n.k.i.DiagnosticsManager] i4j.jreBundle = /Applications/Neo4j Community Edition 3.1.3 2.app/Contents/Resources/jre.bundle
2017-05-05 01:59:30.580+0000 INFO  [o.n.k.i.DiagnosticsManager] gopherProxySet = false
2017-05-05 01:59:30.580+0000 INFO  [o.n.k.i.DiagnosticsManager] path.separator = :
2017-05-05 01:59:30.580+0000 INFO  [o.n.k.i.DiagnosticsManager] file.encoding.pkg = sun.io
2017-05-05 01:59:30.580+0000 INFO  [o.n.k.i.DiagnosticsManager] user.country = US
2017-05-05 01:59:30.580+0000 INFO  [o.n.k.i.DiagnosticsManager] sun.java.launcher = SUN_STANDARD
2017-05-05 01:59:30.580+0000 INFO  [o.n.k.i.DiagnosticsManager] sun.os.patch.level = unknown
2017-05-05 01:59:30.580+0000 INFO  [o.n.k.i.DiagnosticsManager] install4j.exeDir = /Applications/
2017-05-05 01:59:30.580+0000 INFO  [o.n.k.i.DiagnosticsManager] user.dir = /Applications/Neo4j Community Edition 3.1.3 2.app/Contents/Resources/app/bin
2017-05-05 01:59:30.580+0000 INFO  [o.n.k.i.DiagnosticsManager] i4j.ownBundlePath = /Applications/Neo4j Community Edition 3.1.3 2.app
2017-05-05 01:59:30.580+0000 INFO  [o.n.k.i.DiagnosticsManager] sun.jnu.encoding = UTF-8
2017-05-05 01:59:30.580+0000 INFO  [o.n.k.i.DiagnosticsManager] sun.nio.ch.bugLevel = 
2017-05-05 01:59:30.580+0000 INFO  [o.n.k.i.DiagnosticsManager] unsupported.dbms.udc.source = desktop
2017-05-05 01:59:30.580+0000 INFO  [o.n.k.i.DiagnosticsManager] sun.awt.enableExtraMouseButtons = true
2017-05-05 01:59:30.580+0000 INFO  [o.n.k.i.DiagnosticsManager] install4j.launcherId = 24
2017-05-05 01:59:30.580+0000 INFO  [o.n.k.i.DiagnosticsManager] sun.management.compiler = HotSpot 64-Bit Tiered Compilers
2017-05-05 01:59:30.580+0000 INFO  [o.n.k.i.DiagnosticsManager] install4j.swt = false
2017-05-05 01:59:30.580+0000 INFO  [o.n.k.i.DiagnosticsManager] apple.awt.fileDialogForDirectories = false
2017-05-05 01:59:30.580+0000 INFO  [o.n.k.i.DiagnosticsManager] user.home = /Users/bonythomas
2017-05-05 01:59:30.580+0000 INFO  [o.n.k.i.DiagnosticsManager] user.timezone = America/Chicago
2017-05-05 01:59:30.580+0000 INFO  [o.n.k.i.DiagnosticsManager] file.encoding = UTF-8
2017-05-05 01:59:30.580+0000 INFO  [o.n.k.i.DiagnosticsManager] user.name = bonythomas
2017-05-05 01:59:30.580+0000 INFO  [o.n.k.i.DiagnosticsManager] sun.java.command = com.install4j.runtime.launcher.MacLauncher
2017-05-05 01:59:30.580+0000 INFO  [o.n.k.i.DiagnosticsManager] sun.arch.data.model = 64
2017-05-05 01:59:30.580+0000 INFO  [o.n.k.i.DiagnosticsManager] user.language = en
2017-05-05 01:59:30.580+0000 INFO  [o.n.k.i.DiagnosticsManager] awt.toolkit = sun.lwawt.macosx.LWCToolkit
2017-05-05 01:59:30.580+0000 INFO  [o.n.k.i.DiagnosticsManager] install4j.appDir = /Applications/Neo4j Community Edition 3.1.3 2.app/Contents/Resources/app/
2017-05-05 01:59:30.580+0000 INFO  [o.n.k.i.DiagnosticsManager] file.separator = /
2017-05-05 01:59:30.580+0000 INFO  [o.n.k.i.DiagnosticsManager] sun.font.fontmanager = sun.font.CFontManager
2017-05-05 01:59:30.580+0000 INFO  [o.n.k.i.DiagnosticsManager] sun.io.unicode.encoding = UnicodeBig
2017-05-05 01:59:30.581+0000 INFO  [o.n.k.i.DiagnosticsManager] sun.cpu.endian = little
2017-05-05 01:59:30.581+0000 INFO  [o.n.k.i.DiagnosticsManager] sun.cpu.isalist = 
2017-05-05 01:59:30.581+0000 INFO  [o.n.k.i.DiagnosticsManager] Network information:
2017-05-05 01:59:30.581+0000 INFO  [o.n.k.i.DiagnosticsManager] Interface utun0:
2017-05-05 01:59:30.581+0000 INFO  [o.n.k.i.DiagnosticsManager]     address: fe80:0:0:0:2469:1fc0:ee75:82a1%utun0
2017-05-05 01:59:30.581+0000 INFO  [o.n.k.i.DiagnosticsManager] Interface awdl0:
2017-05-05 01:59:30.581+0000 INFO  [o.n.k.i.DiagnosticsManager]     address: fe80:0:0:0:b02f:bfff:fecc:8783%awdl0
2017-05-05 01:59:30.581+0000 INFO  [o.n.k.i.DiagnosticsManager] Interface en0:
2017-05-05 01:59:30.581+0000 INFO  [o.n.k.i.DiagnosticsManager]     address: 2601:449:301:4f90:202d:7a5b:cd51:72d5
2017-05-05 01:59:30.581+0000 INFO  [o.n.k.i.DiagnosticsManager]     address: 2601:449:301:4f90:83a:6ee1:16b4:2dbc
2017-05-05 01:59:30.581+0000 INFO  [o.n.k.i.DiagnosticsManager]     address: fe80:0:0:0:107e:81c6:6fdf:a023%en0
2017-05-05 01:59:30.581+0000 INFO  [o.n.k.i.DiagnosticsManager]     address: 192.168.0.17
2017-05-05 01:59:30.581+0000 INFO  [o.n.k.i.DiagnosticsManager] Interface lo0:
2017-05-05 01:59:30.581+0000 INFO  [o.n.k.i.DiagnosticsManager]     address: fe80:0:0:0:0:0:0:1%lo0
2017-05-05 01:59:30.581+0000 INFO  [o.n.k.i.DiagnosticsManager]     address: 0:0:0:0:0:0:0:1
2017-05-05 01:59:30.581+0000 INFO  [o.n.k.i.DiagnosticsManager]     address: 127.0.0.1
2017-05-05 01:59:30.581+0000 INFO  [o.n.k.i.DiagnosticsManager] --- INITIALIZED diagnostics END ---
2017-05-05 01:59:30.591+0000 INFO  [o.n.b.v.r.WorkerFactory] Bolt Server extension loaded.
2017-05-05 01:59:30.592+0000 INFO  [o.n.b.v.r.WorkerFactory] Bolt enabled on localhost:7687.
2017-05-05 01:59:30.596+0000 INFO  [o.n.k.i.s.f.RecordFormatSelector] Selected format 'RecordFormat:StandardV3_0[v0.A.7]' for the new store
2017-05-05 01:59:30.639+0000 INFO  [o.n.k.i.a.i.IndexingService] IndexingService.init: indexes not specifically mentioned above are POPULATING
2017-05-05 01:59:30.639+0000 INFO  [o.n.k.a.i.l.LuceneLabelScanStore] No lucene scan store index found, this might just be first use. Preparing to rebuild.
2017-05-05 01:59:30.644+0000 INFO  [o.n.k.NeoStoreDataSource] Opened logical log [/Users/bonythomas/Library/Mobile Documents/com~apple~CloudDocs/Maria/Spring '17/BDM/neodbs/weather/neostore.transaction.db.0] version=0, lastTxId=1 (clean)
2017-05-05 01:59:30.645+0000 INFO  [o.n.k.NeoStoreDataSource] No commits found after last check point (which is at <no log position given>)
2017-05-05 01:59:30.645+0000 WARN  [o.n.k.i.s.MetaDataStore] Missing counts store, rebuilding it.
2017-05-05 01:59:30.769+0000 INFO  [o.n.k.i.a.i.IndexingService] IndexingService.start: indexes not specifically mentioned above are POPULATING
2017-05-05 01:59:30.770+0000 INFO  [o.n.k.a.i.l.LuceneLabelScanStore] Rebuilding lucene scan store, this may take a while
2017-05-05 01:59:30.770+0000 INFO  [o.n.k.a.i.l.LuceneLabelScanStore] Lucene scan store rebuilt (roughly 0 nodes)
2017-05-05 01:59:30.770+0000 INFO  [o.n.k.i.DatabaseHealth] Database health set to OK
2017-05-05 01:59:30.773+0000 INFO  [o.n.k.AvailabilityGuard] Fulfilling of requirement makes database available: Database available
2017-05-05 01:59:30.774+0000 INFO  [o.n.k.i.f.GraphDatabaseFacadeFactory] Database is now ready
2017-05-05 01:59:30.774+0000 INFO  [o.n.k.i.DiagnosticsManager] --- STARTED diagnostics for KernelDiagnostics:Versions START ---
2017-05-05 01:59:30.774+0000 INFO  [o.n.k.i.DiagnosticsManager] Graph Database: community single StoreId{creationTime=1493949570635, randomId=6238772709079257305, storeVersion=15531981201765894, upgradeTime=1493949570635, upgradeId=1}
2017-05-05 01:59:30.774+0000 INFO  [o.n.k.i.DiagnosticsManager] Kernel version: 3.1.3
2017-05-05 01:59:30.774+0000 INFO  [o.n.k.i.DiagnosticsManager] --- STARTED diagnostics for KernelDiagnostics:Versions END ---
2017-05-05 01:59:30.774+0000 INFO  [o.n.k.i.DiagnosticsManager] --- STARTED diagnostics for NEO_STORE_VERSIONS START ---
2017-05-05 01:59:30.774+0000 INFO  [o.n.k.i.DiagnosticsManager] Store versions:
2017-05-05 01:59:30.774+0000 INFO  [o.n.k.i.DiagnosticsManager] Store versions:
2017-05-05 01:59:30.774+0000 INFO  [o.n.k.i.DiagnosticsManager]   ArrayPropertyStore v0.A.7
2017-05-05 01:59:30.774+0000 INFO  [o.n.k.i.DiagnosticsManager]   NodeStore v0.A.7
2017-05-05 01:59:30.774+0000 INFO  [o.n.k.i.DiagnosticsManager]   StringPropertyStore v0.A.7
2017-05-05 01:59:30.774+0000 INFO  [o.n.k.i.DiagnosticsManager]   PropertyIndexStore v0.A.7
2017-05-05 01:59:30.774+0000 INFO  [o.n.k.i.DiagnosticsManager]   StringPropertyStore v0.A.7
2017-05-05 01:59:30.774+0000 INFO  [o.n.k.i.DiagnosticsManager]   ArrayPropertyStore v0.A.7
2017-05-05 01:59:30.774+0000 INFO  [o.n.k.i.DiagnosticsManager]   PropertyStore v0.A.7
2017-05-05 01:59:30.774+0000 INFO  [o.n.k.i.DiagnosticsManager]   RelationshipStore v0.A.7
2017-05-05 01:59:30.774+0000 INFO  [o.n.k.i.DiagnosticsManager]   StringPropertyStore v0.A.7
2017-05-05 01:59:30.774+0000 INFO  [o.n.k.i.DiagnosticsManager]   RelationshipTypeStore v0.A.7
2017-05-05 01:59:30.774+0000 INFO  [o.n.k.i.DiagnosticsManager]   StringPropertyStore v0.A.7
2017-05-05 01:59:30.775+0000 INFO  [o.n.k.i.DiagnosticsManager]   LabelTokenStore v0.A.7
2017-05-05 01:59:30.775+0000 INFO  [o.n.k.i.DiagnosticsManager]   SchemaStore v0.A.7
2017-05-05 01:59:30.775+0000 INFO  [o.n.k.i.DiagnosticsManager]   RelationshipGroupStore v0.A.7
2017-05-05 01:59:30.775+0000 INFO  [o.n.k.i.DiagnosticsManager]   NeoStore v0.A.7
2017-05-05 01:59:30.775+0000 INFO  [o.n.k.i.DiagnosticsManager] --- STARTED diagnostics for NEO_STORE_VERSIONS END ---
2017-05-05 01:59:30.775+0000 INFO  [o.n.k.i.DiagnosticsManager] --- STARTED diagnostics for NEO_STORE_ID_USAGE START ---
2017-05-05 01:59:30.775+0000 INFO  [o.n.k.i.DiagnosticsManager] Id usage:
2017-05-05 01:59:30.775+0000 INFO  [o.n.k.i.DiagnosticsManager] Id usage:
2017-05-05 01:59:30.775+0000 INFO  [o.n.k.i.DiagnosticsManager]   ArrayPropertyStore: used=1 high=0
2017-05-05 01:59:30.775+0000 INFO  [o.n.k.i.DiagnosticsManager]   NodeStore: used=0 high=-1
2017-05-05 01:59:30.775+0000 INFO  [o.n.k.i.DiagnosticsManager]   StringPropertyStore: used=1 high=0
2017-05-05 01:59:30.775+0000 INFO  [o.n.k.i.DiagnosticsManager]   PropertyIndexStore: used=0 high=-1
2017-05-05 01:59:30.775+0000 INFO  [o.n.k.i.DiagnosticsManager]   StringPropertyStore: used=1 high=0
2017-05-05 01:59:30.775+0000 INFO  [o.n.k.i.DiagnosticsManager]   ArrayPropertyStore: used=1 high=0
2017-05-05 01:59:30.775+0000 INFO  [o.n.k.i.DiagnosticsManager]   PropertyStore: used=0 high=-1
2017-05-05 01:59:30.775+0000 INFO  [o.n.k.i.DiagnosticsManager]   RelationshipStore: used=0 high=-1
2017-05-05 01:59:30.775+0000 INFO  [o.n.k.i.DiagnosticsManager]   StringPropertyStore: used=1 high=0
2017-05-05 01:59:30.776+0000 INFO  [o.n.k.i.DiagnosticsManager]   RelationshipTypeStore: used=0 high=-1
2017-05-05 01:59:30.776+0000 INFO  [o.n.k.i.DiagnosticsManager]   StringPropertyStore: used=1 high=0
2017-05-05 01:59:30.776+0000 INFO  [o.n.k.i.DiagnosticsManager]   LabelTokenStore: used=0 high=-1
2017-05-05 01:59:30.776+0000 INFO  [o.n.k.i.DiagnosticsManager]   SchemaStore: used=1 high=0
2017-05-05 01:59:30.776+0000 INFO  [o.n.k.i.DiagnosticsManager]   RelationshipGroupStore: used=1 high=0
2017-05-05 01:59:30.776+0000 INFO  [o.n.k.i.DiagnosticsManager]   NeoStore: used=15 high=14
2017-05-05 01:59:30.776+0000 INFO  [o.n.k.i.DiagnosticsManager] --- STARTED diagnostics for NEO_STORE_ID_USAGE END ---
2017-05-05 01:59:30.776+0000 INFO  [o.n.k.i.DiagnosticsManager] --- STARTED diagnostics for NEO_STORE_RECORDS START ---
2017-05-05 01:59:30.776+0000 INFO  [o.n.k.i.DiagnosticsManager] Neostore records:
2017-05-05 01:59:30.776+0000 INFO  [o.n.k.i.DiagnosticsManager] TIME (Creation time): 1493949570635
2017-05-05 01:59:30.776+0000 INFO  [o.n.k.i.DiagnosticsManager] RANDOM_NUMBER (Random number for store id): 6238772709079257305
2017-05-05 01:59:30.776+0000 INFO  [o.n.k.i.DiagnosticsManager] LOG_VERSION (Current log version): 0
2017-05-05 01:59:30.776+0000 INFO  [o.n.k.i.DiagnosticsManager] LAST_TRANSACTION_ID (Last committed transaction): 1
2017-05-05 01:59:30.776+0000 INFO  [o.n.k.i.DiagnosticsManager] STORE_VERSION (Store format version): 15531981201765894
2017-05-05 01:59:30.776+0000 INFO  [o.n.k.i.DiagnosticsManager] FIRST_GRAPH_PROPERTY (First property record containing graph properties): -1
2017-05-05 01:59:30.776+0000 INFO  [o.n.k.i.DiagnosticsManager] LAST_CONSTRAINT_TRANSACTION (Last committed transaction containing constraint changes): 0
2017-05-05 01:59:30.776+0000 INFO  [o.n.k.i.DiagnosticsManager] UPGRADE_TRANSACTION_ID (Transaction id most recent upgrade was performed at): 1
2017-05-05 01:59:30.776+0000 INFO  [o.n.k.i.DiagnosticsManager] UPGRADE_TIME (Time of last upgrade): 1493949570635
2017-05-05 01:59:30.776+0000 INFO  [o.n.k.i.DiagnosticsManager] LAST_TRANSACTION_CHECKSUM (Checksum of last committed transaction): 0
2017-05-05 01:59:30.776+0000 INFO  [o.n.k.i.DiagnosticsManager] UPGRADE_TRANSACTION_CHECKSUM (Checksum of transaction id the most recent upgrade was performed at): 0
2017-05-05 01:59:30.776+0000 INFO  [o.n.k.i.DiagnosticsManager] LAST_CLOSED_TRANSACTION_LOG_VERSION (Log version where the last transaction commit entry has been written into): 0
2017-05-05 01:59:30.776+0000 INFO  [o.n.k.i.DiagnosticsManager] LAST_CLOSED_TRANSACTION_LOG_BYTE_OFFSET (Byte offset in the log file where the last transaction commit entry has been written into): 16
2017-05-05 01:59:30.776+0000 INFO  [o.n.k.i.DiagnosticsManager] LAST_TRANSACTION_COMMIT_TIMESTAMP (Commit time timestamp for last committed transaction): 0
2017-05-05 01:59:30.776+0000 INFO  [o.n.k.i.DiagnosticsManager] UPGRADE_TRANSACTION_COMMIT_TIMESTAMP (Commit timestamp of transaction the most recent upgrade was performed at): 0
2017-05-05 01:59:30.776+0000 INFO  [o.n.k.i.DiagnosticsManager] --- STARTED diagnostics for NEO_STORE_RECORDS END ---
2017-05-05 01:59:30.777+0000 INFO  [o.n.k.i.DiagnosticsManager] --- STARTED diagnostics for TRANSACTION_RANGE START ---
2017-05-05 01:59:30.777+0000 INFO  [o.n.k.i.DiagnosticsManager] Transaction log:
2017-05-05 01:59:30.777+0000 INFO  [o.n.k.i.DiagnosticsManager] No transactions found in any log
2017-05-05 01:59:30.777+0000 INFO  [o.n.k.i.DiagnosticsManager] --- STARTED diagnostics for TRANSACTION_RANGE END ---
2017-05-05 01:59:30.777+0000 INFO  [o.n.k.i.DiagnosticsManager] --- STARTED diagnostics for KernelDiagnostics:StoreFiles START ---
2017-05-05 01:59:30.777+0000 INFO  [o.n.k.i.DiagnosticsManager] Disk space on partition (Total / Free / Free %): 249779191808 / 80720162816 / 32
Storage files: (filename : modification date - size)
2017-05-05 01:59:30.777+0000 INFO  [o.n.k.i.DiagnosticsManager]   certificates:
2017-05-05 01:59:30.778+0000 INFO  [o.n.k.i.DiagnosticsManager]     neo4j.cert: 2017-05-04T20:59:25-0500 - 985.00 B
2017-05-05 01:59:30.778+0000 INFO  [o.n.k.i.DiagnosticsManager]     neo4j.key: 2017-05-04T20:59:25-0500 - 1.66 kB
2017-05-05 01:59:30.778+0000 INFO  [o.n.k.i.DiagnosticsManager]   - Total: 2017-05-04T20:59:25-0500 - 2.63 kB
2017-05-05 01:59:30.778+0000 INFO  [o.n.k.i.DiagnosticsManager]   index:
2017-05-05 01:59:30.778+0000 INFO  [o.n.k.i.DiagnosticsManager]   - Total: 2017-05-04T20:59:30-0500 - 0.00 B
2017-05-05 01:59:30.778+0000 INFO  [o.n.k.i.DiagnosticsManager]   logs:
2017-05-05 01:59:30.778+0000 INFO  [o.n.k.i.DiagnosticsManager]     debug.log: 2017-05-04T20:59:30-0500 - 26.03 kB
2017-05-05 01:59:30.778+0000 INFO  [o.n.k.i.DiagnosticsManager]   - Total: 2017-05-04T20:59:25-0500 - 26.03 kB
2017-05-05 01:59:30.778+0000 INFO  [o.n.k.i.DiagnosticsManager]   neostore: 2017-05-04T20:59:30-0500 - 8.00 kB
2017-05-05 01:59:30.778+0000 INFO  [o.n.k.i.DiagnosticsManager]   neostore.counts.db.a: 2017-05-04T20:59:30-0500 - 96.00 B
2017-05-05 01:59:30.778+0000 INFO  [o.n.k.i.DiagnosticsManager]   neostore.id: 2017-05-04T20:59:30-0500 - 9.00 B
2017-05-05 01:59:30.778+0000 INFO  [o.n.k.i.DiagnosticsManager]   neostore.labeltokenstore.db: 2017-05-04T20:59:30-0500 - 0.00 B
2017-05-05 01:59:30.778+0000 INFO  [o.n.k.i.DiagnosticsManager]   neostore.labeltokenstore.db.id: 2017-05-04T20:59:30-0500 - 9.00 B
2017-05-05 01:59:30.779+0000 INFO  [o.n.k.i.DiagnosticsManager]   neostore.labeltokenstore.db.names: 2017-05-04T20:59:30-0500 - 8.00 kB
2017-05-05 01:59:30.779+0000 INFO  [o.n.k.i.DiagnosticsManager]   neostore.labeltokenstore.db.names.id: 2017-05-04T20:59:30-0500 - 9.00 B
2017-05-05 01:59:30.779+0000 INFO  [o.n.k.i.DiagnosticsManager]   neostore.nodestore.db: 2017-05-04T20:59:30-0500 - 0.00 B
2017-05-05 01:59:30.779+0000 INFO  [o.n.k.i.DiagnosticsManager]   neostore.nodestore.db.id: 2017-05-04T20:59:30-0500 - 9.00 B
2017-05-05 01:59:30.779+0000 INFO  [o.n.k.i.DiagnosticsManager]   neostore.nodestore.db.labels: 2017-05-04T20:59:30-0500 - 8.00 kB
2017-05-05 01:59:30.779+0000 INFO  [o.n.k.i.DiagnosticsManager]   neostore.nodestore.db.labels.id: 2017-05-04T20:59:30-0500 - 9.00 B
2017-05-05 01:59:30.779+0000 INFO  [o.n.k.i.DiagnosticsManager]   neostore.propertystore.db: 2017-05-04T20:59:30-0500 - 0.00 B
2017-05-05 01:59:30.779+0000 INFO  [o.n.k.i.DiagnosticsManager]   neostore.propertystore.db.arrays: 2017-05-04T20:59:30-0500 - 8.00 kB
2017-05-05 01:59:30.779+0000 INFO  [o.n.k.i.DiagnosticsManager]   neostore.propertystore.db.arrays.id: 2017-05-04T20:59:30-0500 - 9.00 B
2017-05-05 01:59:30.779+0000 INFO  [o.n.k.i.DiagnosticsManager]   neostore.propertystore.db.id: 2017-05-04T20:59:30-0500 - 9.00 B
2017-05-05 01:59:30.779+0000 INFO  [o.n.k.i.DiagnosticsManager]   neostore.propertystore.db.index: 2017-05-04T20:59:30-0500 - 0.00 B
2017-05-05 01:59:30.779+0000 INFO  [o.n.k.i.DiagnosticsManager]   neostore.propertystore.db.index.id: 2017-05-04T20:59:30-0500 - 9.00 B
2017-05-05 01:59:30.780+0000 INFO  [o.n.k.i.DiagnosticsManager]   neostore.propertystore.db.index.keys: 2017-05-04T20:59:30-0500 - 8.00 kB
2017-05-05 01:59:30.780+0000 INFO  [o.n.k.i.DiagnosticsManager]   neostore.propertystore.db.index.keys.id: 2017-05-04T20:59:30-0500 - 9.00 B
2017-05-05 01:59:30.780+0000 INFO  [o.n.k.i.DiagnosticsManager]   neostore.propertystore.db.strings: 2017-05-04T20:59:30-0500 - 8.00 kB
2017-05-05 01:59:30.780+0000 INFO  [o.n.k.i.DiagnosticsManager]   neostore.propertystore.db.strings.id: 2017-05-04T20:59:30-0500 - 9.00 B
2017-05-05 01:59:30.780+0000 INFO  [o.n.k.i.DiagnosticsManager]   neostore.relationshipgroupstore.db: 2017-05-04T20:59:30-0500 - 8.00 kB
2017-05-05 01:59:30.780+0000 INFO  [o.n.k.i.DiagnosticsManager]   neostore.relationshipgroupstore.db.id: 2017-05-04T20:59:30-0500 - 9.00 B
2017-05-05 01:59:30.780+0000 INFO  [o.n.k.i.DiagnosticsManager]   neostore.relationshipstore.db: 2017-05-04T20:59:30-0500 - 0.00 B
2017-05-05 01:59:30.780+0000 INFO  [o.n.k.i.DiagnosticsManager]   neostore.relationshipstore.db.id: 2017-05-04T20:59:30-0500 - 9.00 B
2017-05-05 01:59:30.780+0000 INFO  [o.n.k.i.DiagnosticsManager]   neostore.relationshiptypestore.db: 2017-05-04T20:59:30-0500 - 0.00 B
2017-05-05 01:59:30.781+0000 INFO  [o.n.k.i.DiagnosticsManager]   neostore.relationshiptypestore.db.id: 2017-05-04T20:59:30-0500 - 9.00 B
2017-05-05 01:59:30.781+0000 INFO  [o.n.k.i.DiagnosticsManager]   neostore.relationshiptypestore.db.names: 2017-05-04T20:59:30-0500 - 8.00 kB
2017-05-05 01:59:30.781+0000 INFO  [o.n.k.i.DiagnosticsManager]   neostore.relationshiptypestore.db.names.id: 2017-05-04T20:59:30-0500 - 9.00 B
2017-05-05 01:59:30.781+0000 INFO  [o.n.k.i.DiagnosticsManager]   neostore.schemastore.db: 2017-05-04T20:59:30-0500 - 8.00 kB
2017-05-05 01:59:30.781+0000 INFO  [o.n.k.i.DiagnosticsManager]   neostore.schemastore.db.id: 2017-05-04T20:59:30-0500 - 9.00 B
2017-05-05 01:59:30.781+0000 INFO  [o.n.k.i.DiagnosticsManager]   neostore.transaction.db.0: 2017-05-04T20:59:30-0500 - 16.00 B
2017-05-05 01:59:30.781+0000 INFO  [o.n.k.i.DiagnosticsManager]   schema:
2017-05-05 01:59:30.781+0000 INFO  [o.n.k.i.DiagnosticsManager]     label:
2017-05-05 01:59:30.781+0000 INFO  [o.n.k.i.DiagnosticsManager]       lucene:
2017-05-05 01:59:30.782+0000 INFO  [o.n.k.i.DiagnosticsManager]         labelStore:
2017-05-05 01:59:30.782+0000 INFO  [o.n.k.i.DiagnosticsManager]           1:
2017-05-05 01:59:30.782+0000 INFO  [o.n.k.i.DiagnosticsManager]             write.lock: 2017-05-04T20:59:30-0500 - 0.00 B
2017-05-05 01:59:30.782+0000 INFO  [o.n.k.i.DiagnosticsManager]           - Total: 2017-05-04T20:59:30-0500 - 0.00 B
2017-05-05 01:59:30.782+0000 INFO  [o.n.k.i.DiagnosticsManager]           failure-message: 2017-05-04T20:59:30-0500 - 16.00 kB
2017-05-05 01:59:30.782+0000 INFO  [o.n.k.i.DiagnosticsManager]         - Total: 2017-05-04T20:59:30-0500 - 16.00 kB
2017-05-05 01:59:30.782+0000 INFO  [o.n.k.i.DiagnosticsManager]       - Total: 2017-05-04T20:59:30-0500 - 16.00 kB
2017-05-05 01:59:30.782+0000 INFO  [o.n.k.i.DiagnosticsManager]     - Total: 2017-05-04T20:59:30-0500 - 16.00 kB
2017-05-05 01:59:30.782+0000 INFO  [o.n.k.i.DiagnosticsManager]   - Total: 2017-05-04T20:59:30-0500 - 16.00 kB
2017-05-05 01:59:30.782+0000 INFO  [o.n.k.i.DiagnosticsManager]   store_lock: 2017-05-04T20:59:30-0500 - 0.00 B
2017-05-05 01:59:30.782+0000 INFO  [o.n.k.i.DiagnosticsManager] --- STARTED diagnostics for KernelDiagnostics:StoreFiles END ---
2017-05-05 01:59:30.815+0000 INFO  [o.n.k.i.DiagnosticsManager] --- SERVER STARTED START ---
2017-05-05 01:59:31.741+0000 INFO  [o.n.k.i.DiagnosticsManager] --- SERVER STARTED END ---
2017-05-05 01:59:37.072+0000 ERROR [o.n.b.v.r.ErrorReporter] Client triggered an unexpected error [UnknownError]: Cannot write to buffer when closed. See debug.log for more details, reference 9680b662-8af5-4c67-9977-48ae6d2b00f0.
2017-05-05 01:59:37.073+0000 ERROR [o.n.b.v.r.ErrorReporter] Client triggered an unexpected error [UnknownError]: Cannot write to buffer when closed, reference 9680b662-8af5-4c67-9977-48ae6d2b00f0. Cannot write to buffer when closed
java.io.IOException: Cannot write to buffer when closed
	at org.neo4j.bolt.v1.transport.ChunkedOutput.ensure(ChunkedOutput.java:163)
	at org.neo4j.bolt.v1.transport.ChunkedOutput.writeShort(ChunkedOutput.java:94)
	at org.neo4j.bolt.v1.packstream.PackStream$Packer.packStructHeader(PackStream.java:330)
	at org.neo4j.bolt.v1.messaging.BoltResponseMessageWriter.onRecord(BoltResponseMessageWriter.java:55)
	at org.neo4j.bolt.v1.messaging.BoltMessageRouter$ResultHandler$1.visit(BoltMessageRouter.java:137)
	at org.neo4j.bolt.v1.runtime.cypher.CypherAdapterStream.lambda$accept$0(CypherAdapterStream.java:70)
	at org.neo4j.cypher.internal.compatibility.ExecutionResultWrapperFor3_1$$anon$7.visit(CompatibilityFor3_1.scala:407)
	at org.neo4j.cypher.internal.compiler.v3_1.executionplan.procs.ProcedureExecutionResult$$anonfun$accept$1.apply(ProcedureExecutionResult.scala:69)
	at org.neo4j.cypher.internal.compiler.v3_1.executionplan.procs.ProcedureExecutionResult$$anonfun$accept$1.apply(ProcedureExecutionResult.scala:69)
	at scala.collection.Iterator$class.foreach(Iterator.scala:893)
	at org.neo4j.cypher.internal.spi.v3_1.ExceptionTranslationSupport$$anon$1.foreach(ExceptionTranslationSupport.scala:46)
	at org.neo4j.cypher.internal.compiler.v3_1.executionplan.procs.ProcedureExecutionResult.accept(ProcedureExecutionResult.scala:69)
	at org.neo4j.cypher.internal.compatibility.ExecutionResultWrapperFor3_1.accept(CompatibilityFor3_1.scala:404)
	at org.neo4j.cypher.internal.compatibility.ClosingExecutionResult$$anonfun$accept$1.apply$mcV$sp(ClosingExecutionResult.scala:169)
	at org.neo4j.cypher.internal.compatibility.ClosingExecutionResult$$anonfun$accept$1.apply(ClosingExecutionResult.scala:168)
	at org.neo4j.cypher.internal.compatibility.ClosingExecutionResult$$anonfun$accept$1.apply(ClosingExecutionResult.scala:168)
	at org.neo4j.cypher.internal.compatibility.exceptionHandlerFor3_1$runSafely$.apply(CompatibilityFor3_1.scala:192)
	at org.neo4j.cypher.internal.compatibility.ClosingExecutionResult.accept(ClosingExecutionResult.scala:168)
	at org.neo4j.cypher.internal.javacompat.ExecutionResult.accept(ExecutionResult.java:317)
	at org.neo4j.bolt.v1.runtime.cypher.CypherAdapterStream.accept(CypherAdapterStream.java:69)
	at org.neo4j.bolt.v1.messaging.BoltMessageRouter$ResultHandler.onRecords(BoltMessageRouter.java:130)
	at org.neo4j.bolt.v1.runtime.BoltStateMachine$State$3.lambda$pullAll$0(BoltStateMachine.java:450)
	at org.neo4j.bolt.v1.runtime.TransactionStateMachine$State$1.streamResult(TransactionStateMachine.java:211)
	at org.neo4j.bolt.v1.runtime.TransactionStateMachine.streamResult(TransactionStateMachine.java:93)
	at org.neo4j.bolt.v1.runtime.BoltStateMachine$State$3.pullAll(BoltStateMachine.java:449)
	at org.neo4j.bolt.v1.runtime.BoltStateMachine.pullAll(BoltStateMachine.java:232)
	at org.neo4j.bolt.v1.messaging.BoltMessageRouter.lambda$onPullAll$6(BoltMessageRouter.java:98)
	at org.neo4j.bolt.v1.runtime.concurrent.RunnableBoltWorker.execute(RunnableBoltWorker.java:135)
	at org.neo4j.bolt.v1.runtime.concurrent.RunnableBoltWorker.executeBatch(RunnableBoltWorker.java:122)
	at org.neo4j.bolt.v1.runtime.concurrent.RunnableBoltWorker.run(RunnableBoltWorker.java:94)
	at java.lang.Thread.run(Thread.java:745)
2017-05-05 01:59:37.073+0000 ERROR [o.n.b.v.t.BoltProtocolV1] Failed to write response to driver Cannot write to buffer when closed
java.io.IOException: Cannot write to buffer when closed
	at org.neo4j.bolt.v1.transport.ChunkedOutput.ensure(ChunkedOutput.java:163)
	at org.neo4j.bolt.v1.transport.ChunkedOutput.writeShort(ChunkedOutput.java:94)
	at org.neo4j.bolt.v1.packstream.PackStream$Packer.packStructHeader(PackStream.java:330)
	at org.neo4j.bolt.v1.messaging.BoltResponseMessageWriter.onFailure(BoltResponseMessageWriter.java:87)
	at org.neo4j.bolt.v1.messaging.MessageProcessingHandler.publishError(MessageProcessingHandler.java:46)
	at org.neo4j.bolt.v1.messaging.MessageProcessingHandler.onFinish(MessageProcessingHandler.java:107)
	at org.neo4j.bolt.v1.runtime.BoltStateMachine.after(BoltStateMachine.java:105)
	at org.neo4j.bolt.v1.runtime.BoltStateMachine.pullAll(BoltStateMachine.java:236)
	at org.neo4j.bolt.v1.messaging.BoltMessageRouter.lambda$onPullAll$6(BoltMessageRouter.java:98)
	at org.neo4j.bolt.v1.runtime.concurrent.RunnableBoltWorker.execute(RunnableBoltWorker.java:135)
	at org.neo4j.bolt.v1.runtime.concurrent.RunnableBoltWorker.executeBatch(RunnableBoltWorker.java:122)
	at org.neo4j.bolt.v1.runtime.concurrent.RunnableBoltWorker.run(RunnableBoltWorker.java:94)
	at java.lang.Thread.run(Thread.java:745)
2017-05-05 02:00:08.734+0000 WARN  [o.n.k.i.c.MonitorGc] GC Monitor: Application threads blocked for 2098ms.
2017-05-05 02:00:19.077+0000 WARN  [o.n.k.i.c.MonitorGc] GC Monitor: Application threads blocked for 10000ms.
2017-05-05 02:00:21.377+0000 ERROR [o.n.b.v.r.ErrorReporter] Client triggered an unexpected error [UnknownError]: Illegal character in path at index 40: file:////Users/bonythomas/Library/Mobile Documents/com~apple~CloudDocs/Maria/Spring '17/BDM/neodbs/temps.txt. See debug.log for more details, reference f6d4d763-c5fd-4b04-a4e5-9d8f53e7e93b.
2017-05-05 02:00:21.377+0000 ERROR [o.n.b.v.r.ErrorReporter] Client triggered an unexpected error [UnknownError]: Illegal character in path at index 40: file:////Users/bonythomas/Library/Mobile Documents/com~apple~CloudDocs/Maria/Spring '17/BDM/neodbs/temps.txt, reference f6d4d763-c5fd-4b04-a4e5-9d8f53e7e93b. Illegal character in path at index 40: file:////Users/bonythomas/Library/Mobile Documents/com~apple~CloudDocs/Maria/Spring '17/BDM/neodbs/temps.txt
java.net.URISyntaxException: Illegal character in path at index 40: file:////Users/bonythomas/Library/Mobile Documents/com~apple~CloudDocs/Maria/Spring '17/BDM/neodbs/temps.txt
	at java.net.URI$Parser.fail(URI.java:2848)
	at java.net.URI$Parser.checkChars(URI.java:3021)
	at java.net.URI$Parser.parseHierarchical(URI.java:3105)
	at java.net.URI$Parser.parse(URI.java:3053)
	at java.net.URI.<init>(URI.java:588)
	at java.net.URL.toURI(URL.java:939)
	at org.neo4j.cypher.internal.compiler.v3_1.spi.CSVResources.getCsvIterator(CSVResources.scala:65)
	at org.neo4j.cypher.internal.compiler.v3_1.pipes.LoadCSVPipe$$anonfun$internalCreateResults$1.apply(LoadCSVPipe.scala:108)
	at org.neo4j.cypher.internal.compiler.v3_1.pipes.LoadCSVPipe$$anonfun$internalCreateResults$1.apply(LoadCSVPipe.scala:103)
	at scala.collection.Iterator$$anon$12.nextCur(Iterator.scala:434)
	at scala.collection.Iterator$$anon$12.hasNext(Iterator.scala:440)
	at scala.collection.Iterator$$anon$11.hasNext(Iterator.scala:408)
	at org.neo4j.cypher.internal.compiler.v3_1.pipes.EmptyResultPipe.internalCreateResults(EmptyResultPipe.scala:31)
	at org.neo4j.cypher.internal.compiler.v3_1.pipes.PipeWithSource.createResults(Pipe.scala:131)
	at org.neo4j.cypher.internal.compiler.v3_1.pipes.PipeWithSource.createResults(Pipe.scala:128)
	at org.neo4j.cypher.internal.compiler.v3_1.executionplan.DefaultExecutionResultBuilderFactory$ExecutionWorkflowBuilder.createResults(DefaultExecutionResultBuilderFactory.scala:98)
	at org.neo4j.cypher.internal.compiler.v3_1.executionplan.DefaultExecutionResultBuilderFactory$ExecutionWorkflowBuilder.build(DefaultExecutionResultBuilderFactory.scala:68)
	at org.neo4j.cypher.internal.compiler.v3_1.executionplan.InterpretedExecutionPlanBuilder$$anonfun$getExecutionPlanFunction$1.apply(ExecutionPlanBuilder.scala:164)
	at org.neo4j.cypher.internal.compiler.v3_1.executionplan.InterpretedExecutionPlanBuilder$$anonfun$getExecutionPlanFunction$1.apply(ExecutionPlanBuilder.scala:148)
	at org.neo4j.cypher.internal.compiler.v3_1.executionplan.InterpretedExecutionPlanBuilder$$anon$1.run(ExecutionPlanBuilder.scala:123)
	at org.neo4j.cypher.internal.compatibility.CompatibilityFor3_1$ExecutionPlanWrapper$$anonfun$run$1.apply(CompatibilityFor3_1.scala:277)
	at org.neo4j.cypher.internal.compatibility.CompatibilityFor3_1$ExecutionPlanWrapper$$anonfun$run$1.apply(CompatibilityFor3_1.scala:275)
	at org.neo4j.cypher.internal.compatibility.exceptionHandlerFor3_1$runSafely$.apply(CompatibilityFor3_1.scala:192)
	at org.neo4j.cypher.internal.compatibility.CompatibilityFor3_1$ExecutionPlanWrapper.run(CompatibilityFor3_1.scala:275)
	at org.neo4j.cypher.internal.PreparedPlanExecution.execute(PreparedPlanExecution.scala:26)
	at org.neo4j.cypher.internal.ExecutionEngine.execute(ExecutionEngine.scala:107)
	at org.neo4j.cypher.internal.javacompat.ExecutionEngine.executeQuery(ExecutionEngine.java:59)
	at org.neo4j.bolt.v1.runtime.TransactionStateMachineSPI$1.start(TransactionStateMachineSPI.java:135)
	at org.neo4j.bolt.v1.runtime.TransactionStateMachine$State$1.run(TransactionStateMachine.java:187)
	at org.neo4j.bolt.v1.runtime.TransactionStateMachine.run(TransactionStateMachine.java:77)
	at org.neo4j.bolt.v1.runtime.BoltStateMachine$State$2.run(BoltStateMachine.java:396)
	at org.neo4j.bolt.v1.runtime.BoltStateMachine.run(BoltStateMachine.java:196)
	at org.neo4j.bolt.v1.messaging.BoltMessageRouter.lambda$onRun$3(BoltMessageRouter.java:80)
	at org.neo4j.bolt.v1.runtime.concurrent.RunnableBoltWorker.execute(RunnableBoltWorker.java:135)
	at org.neo4j.bolt.v1.runtime.concurrent.RunnableBoltWorker.run(RunnableBoltWorker.java:89)
	at java.lang.Thread.run(Thread.java:745)
2017-05-05 02:00:29.178+0000 WARN  [o.n.k.i.c.MonitorGc] GC Monitor: Application threads blocked for 10000ms.
2017-05-05 02:00:31.259+0000 INFO  [o.n.c.i.ExecutionEngine] Discarded stale query from the query cache: CALL db.labels() YIELD label
WITH COLLECT(label) AS labels
RETURN 'labels' as a, labels as result
UNION
CALL db.relationshipTypes() YIELD relationshipType
WITH COLLECT(relationshipType) AS relationshipTypes
RETURN 'relationshipTypes'as a, relationshipTypes as result
UNION
CALL db.propertyKeys() YIELD propertyKey
WITH COLLECT(propertyKey) AS propertyKeys
RETURN 'propertyKeys' as a, propertyKeys as result
2017-05-05 02:00:31.266+0000 INFO  [o.n.c.i.CypherCompiler] Discarded stale query from the query cache: CALL db.labels() YIELD label
WITH COLLECT(label) AS labels
RETURN 'labels' as a, labels as result
UNION
CALL db.relationshipTypes() YIELD relationshipType
WITH COLLECT(relationshipType) AS relationshipTypes
RETURN 'relationshipTypes'as a, relationshipTypes as result
UNION
CALL db.propertyKeys() YIELD propertyKey
WITH COLLECT(propertyKey) AS propertyKeys
RETURN 'propertyKeys' as a, propertyKeys as result
2017-05-05 02:00:39.279+0000 WARN  [o.n.k.i.c.MonitorGc] GC Monitor: Application threads blocked for 10000ms.
2017-05-05 02:00:49.380+0000 WARN  [o.n.k.i.c.MonitorGc] GC Monitor: Application threads blocked for 10000ms.
2017-05-05 02:00:59.481+0000 WARN  [o.n.k.i.c.MonitorGc] GC Monitor: Application threads blocked for 10000ms.
2017-05-05 02:01:09.581+0000 WARN  [o.n.k.i.c.MonitorGc] GC Monitor: Application threads blocked for 10000ms.
2017-05-05 02:01:17.416+0000 WARN  [o.n.k.i.c.MonitorGc] GC Monitor: Application threads blocked for 7733ms.
2017-05-05 02:01:21.814+0000 WARN  [o.n.k.i.c.MonitorGc] GC Monitor: Application threads blocked for 4011ms.
2017-05-05 02:01:25.439+0000 WARN  [o.n.k.i.c.MonitorGc] GC Monitor: Application threads blocked for 3525ms.
2017-05-05 02:01:35.174+0000 WARN  [o.n.k.i.c.MonitorGc] GC Monitor: Application threads blocked for 9534ms.
2017-05-05 02:01:36.591+0000 WARN  [o.n.k.i.c.MonitorGc] GC Monitor: Application threads blocked for 1216ms.
2017-05-05 02:01:43.358+0000 WARN  [o.n.k.i.c.MonitorGc] GC Monitor: Application threads blocked for 6327ms.
2017-05-05 02:01:44.213+0000 WARN  [o.n.k.i.c.MonitorGc] GC Monitor: Application threads blocked for 654ms.
2017-05-05 02:01:45.389+0000 INFO  [o.n.k.i.f.GraphDatabaseFacadeFactory] Shutdown started
2017-05-05 02:01:45.389+0000 INFO  [o.n.k.i.f.GraphDatabaseFacadeFactory] Database is now unavailable
2017-05-05 02:01:45.391+0000 INFO  [o.n.k.i.t.l.c.CheckPointerImpl] Check Pointing triggered by database shutdown [4]:  Starting check pointing...
2017-05-05 02:01:45.391+0000 INFO  [o.n.k.i.t.l.c.CheckPointerImpl] Check Pointing triggered by database shutdown [4]:  Starting store flush...
2017-05-05 02:01:45.395+0000 INFO  [o.n.k.i.s.c.CountsTracker] About to rotate counts store at transaction 4 to [/Users/bonythomas/Library/Mobile Documents/com~apple~CloudDocs/Maria/Spring '17/BDM/neodbs/weather/neostore.counts.db.b], from [/Users/bonythomas/Library/Mobile Documents/com~apple~CloudDocs/Maria/Spring '17/BDM/neodbs/weather/neostore.counts.db.a].
2017-05-05 02:01:45.396+0000 INFO  [o.n.k.i.s.c.CountsTracker] Successfully rotated counts store at transaction 4 to [/Users/bonythomas/Library/Mobile Documents/com~apple~CloudDocs/Maria/Spring '17/BDM/neodbs/weather/neostore.counts.db.b], from [/Users/bonythomas/Library/Mobile Documents/com~apple~CloudDocs/Maria/Spring '17/BDM/neodbs/weather/neostore.counts.db.a].
2017-05-05 02:01:45.398+0000 INFO  [o.n.k.i.t.l.c.CheckPointerImpl] Check Pointing triggered by database shutdown [4]:  Store flush completed
2017-05-05 02:01:45.399+0000 INFO  [o.n.k.i.t.l.c.CheckPointerImpl] Check Pointing triggered by database shutdown [4]:  Starting appending check point entry into the tx log...
2017-05-05 02:01:45.399+0000 INFO  [o.n.k.i.t.l.c.CheckPointerImpl] Check Pointing triggered by database shutdown [4]:  Appending check point entry into the tx log completed
2017-05-05 02:01:45.399+0000 INFO  [o.n.k.i.t.l.c.CheckPointerImpl] Check Pointing triggered by database shutdown [4]:  Check pointing completed
2017-05-05 02:01:45.399+0000 INFO  [o.n.k.i.t.l.p.LogPruningImpl] Log Rotation [0]:  Starting log pruning.
2017-05-05 02:01:45.400+0000 INFO  [o.n.k.i.t.l.p.LogPruningImpl] Log Rotation [0]:  Log pruning complete.
2017-05-05 02:01:45.410+0000 INFO  [o.n.k.i.DiagnosticsManager] --- STOPPING diagnostics START ---
2017-05-05 02:01:45.410+0000 INFO  [o.n.k.i.DiagnosticsManager] --- STOPPING diagnostics END ---
